\BOOKMARK [0][-]{chapter*.3}{Introducci\363n}{}% 1
\BOOKMARK [0][-]{chapter.1}{Introducci\363n al aprendizaje por refuerzo}{}% 2
\BOOKMARK [1][-]{section.1.1}{Proceso de decisi\363n de Markov}{chapter.1}% 3
\BOOKMARK [1][-]{section.1.2}{Programaci\363n din\341mica}{chapter.1}% 4
\BOOKMARK [2][-]{subsection.1.2.1}{Funciones valor estado \(v\)}{section.1.2}% 5
\BOOKMARK [2][-]{subsection.1.2.2}{Funci\363n valor de estado-accion \(q\)}{section.1.2}% 6
\BOOKMARK [2][-]{subsection.1.2.3}{Operadores de Bellman \(OB\)}{section.1.2}% 7
\BOOKMARK [1][-]{section.1.3}{Algoritmos de aprendizaje por refuerzo}{chapter.1}% 8
\BOOKMARK [0][-]{chapter.2}{Introduci\363n a Sistemas de recomendaci\363n}{}% 9
\BOOKMARK [1][-]{section.2.1}{Filtrado colaborativo}{chapter.2}% 10
\BOOKMARK [1][-]{section.2.2}{Filtrado basado en contenido}{chapter.2}% 11
\BOOKMARK [1][-]{section.2.3}{Sistema de basado en un proceso de decici\363n de Markov}{chapter.2}% 12
\BOOKMARK [0][-]{chapter.3}{Preprocesado del historial de pel\355culas}{}% 13
\BOOKMARK [1][-]{section.3.1}{Descripci\363n de la base de datos iniciales}{chapter.3}% 14
\BOOKMARK [1][-]{section.3.2}{Union de base de datos de generos y puntaciones}{chapter.3}% 15
\BOOKMARK [1][-]{section.3.3}{Normalizaci\363n de puntaci\363n de las pel\355cula}{chapter.3}% 16
\BOOKMARK [1][-]{section.3.4}{Componentes principales para generos de pel\355culas}{chapter.3}% 17
\BOOKMARK [1][-]{section.3.5}{Historial de aceptaci\363n para cada usuario}{chapter.3}% 18
\BOOKMARK [1][-]{section.3.6}{Generaci\363n sint\351tica del historial de rechazo}{chapter.3}% 19
\BOOKMARK [1][-]{section.3.7}{Bases de datos finales: Historiales de usuarios}{chapter.3}% 20
\BOOKMARK [0][-]{chapter.4}{Sistema de recomendaci\363n como proceso de decisi\363n de Markov }{}% 21
\BOOKMARK [1][-]{section.4.1}{Proceso de decisi\363n de Markov}{chapter.4}% 22
\BOOKMARK [1][-]{section.4.2}{Plantamiento de los problemas}{chapter.4}% 23
\BOOKMARK [1][-]{section.4.3}{Metodolog\355a}{chapter.4}% 24
\BOOKMARK [2][-]{subsection.4.3.1}{Selecci\363n de estado inicial}{section.4.3}% 25
\BOOKMARK [2][-]{subsection.4.3.2}{Inicializaci\363n de la funci\363n valor estado-acci\363n}{section.4.3}% 26
\BOOKMARK [2][-]{subsection.4.3.3}{Pol\355tica utilizada}{section.4.3}% 27
\BOOKMARK [2][-]{subsection.4.3.4}{Selecci\363n de peliculas desde un pol\355tica dada}{section.4.3}% 28
\BOOKMARK [1][-]{section.4.4}{Resultados num\351ricos}{chapter.4}% 29
\BOOKMARK [2][-]{subsection.4.4.1}{Pol\355ticas de Referencia}{section.4.4}% 30
\BOOKMARK [2][-]{subsection.4.4.2}{Caso 1: Usuario sin historial previo}{section.4.4}% 31
\BOOKMARK [2][-]{subsection.4.4.3}{Caso 2: Usuario con historial previo}{section.4.4}% 32
\BOOKMARK [0][-]{chapter.5}{Conclusiones}{}% 33
